<?xml version="1.0" encoding="UTF-8"?>
<!-- Generated by org.testng.reporters.JUnitReportReporter -->
<testsuite skipped="0" hostname="IN00320" name="com.Sakiv.TestCases.LoginTestChrome" tests="2" failures="0" timestamp="24 Nov 2018 16:02:40 GMT" time="92.372" errors="0">
  <testcase name="loginTest" time="72.510" classname="com.Sakiv.TestCases.LoginTestChrome"/>
  <testcase name="loginTest" time="19.862" classname="com.Sakiv.TestCases.LoginTestChrome"/>
</testsuite> <!-- com.Sakiv.TestCases.LoginTestChrome -->
