<?xml version="1.0" encoding="UTF-8"?>
<!-- Generated by org.testng.reporters.JUnitReportReporter -->
<testsuite skipped="0" hostname="IN00320" name="com.Sakiv.TestCases.LoginTest" tests="2" failures="0" timestamp="24 Nov 2018 08:07:50 GMT" time="21.632" errors="0">
  <testcase name="loginTest" time="10.983" classname="com.Sakiv.TestCases.LoginTest"/>
  <testcase name="loginTest" time="10.649" classname="com.Sakiv.TestCases.LoginTest"/>
</testsuite> <!-- com.Sakiv.TestCases.LoginTest -->
