<?xml version="1.0" encoding="UTF-8"?>
<!-- Generated by org.testng.reporters.JUnitReportReporter -->
<testsuite skipped="0" hostname="IN00320" name="com.Sakiv.Rough.LoginTestFireFox" tests="1" failures="0" timestamp="23 Nov 2018 16:56:43 GMT" time="38.135" errors="0">
  <testcase name="doLogin" time="38.135" classname="com.Sakiv.Rough.LoginTestFireFox"/>
</testsuite> <!-- com.Sakiv.Rough.LoginTestFireFox -->
