<?xml version="1.0" encoding="UTF-8"?>
<!-- Generated by org.testng.reporters.JUnitReportReporter -->
<testsuite skipped="0" hostname="IN00320" name="com.Sakiv.TestCases.LoginTestFireFox" tests="2" failures="0" timestamp="24 Nov 2018 16:02:40 GMT" time="91.387" errors="0">
  <testcase name="loginTest" time="18.673" classname="com.Sakiv.TestCases.LoginTestFireFox"/>
  <testcase name="loginTest" time="72.714" classname="com.Sakiv.TestCases.LoginTestFireFox"/>
</testsuite> <!-- com.Sakiv.TestCases.LoginTestFireFox -->
