<?xml version="1.0" encoding="UTF-8"?>
<!-- Generated by org.testng.reporters.JUnitReportReporter -->
<testsuite skipped="0" hostname="IN00320" name="com.Sakiv.Rough.LoginTest" tests="2" failures="0" timestamp="20 Nov 2018 11:27:21 GMT" time="83.401" errors="0">
  <testcase name="doLogin" time="22.362" classname="com.Sakiv.Rough.LoginTest"/>
  <testcase name="doLogin" time="61.039" classname="com.Sakiv.Rough.LoginTest"/>
</testsuite> <!-- com.Sakiv.Rough.LoginTest -->
